#
# There is insufficient memory for the Java Runtime Environment to continue.
# Native memory allocation (mmap) failed to map 65536 bytes for Failed to commit metaspace.
# Possible reasons:
#   The system is out of physical RAM or swap space
#   The process is running with CompressedOops enabled, and the Java Heap may be blocking the growth of the native heap
# Possible solutions:
#   Reduce memory load on the system
#   Increase physical memory or swap space
#   Check if swap backing store is full
#   Decrease Java heap size (-Xmx/-Xms)
#   Decrease number of Java threads
#   Decrease Java thread stack sizes (-Xss)
#   Set larger code cache with -XX:ReservedCodeCacheSize=
#   JVM is running with Zero Based Compressed Oops mode in which the Java heap is
#     placed in the first 32GB address space. The Java Heap base address is the
#     maximum limit for the native heap growth. Please use -XX:HeapBaseMinAddress
#     to set the Java Heap base and to place the Java Heap above 32GB virtual address.
# This output file may be truncated or incomplete.
#
#  Out of Memory Error (virtualSpaceNode.cpp:110), pid=6396, tid=17600
#
# JRE version: OpenJDK Runtime Environment JBR-17.0.6+10-829.9-jcef (17.0.6+10) (build 17.0.6+10-b829.9)
# Java VM: OpenJDK 64-Bit Server VM JBR-17.0.6+10-829.9-jcef (17.0.6+10-b829.9, mixed mode, emulated-client, tiered, compressed oops, compressed class ptrs, g1 gc, windows-amd64)
# No core dump will be written. Minidumps are not enabled by default on client versions of Windows
#

---------------  S U M M A R Y ------------

Command Line: -XX:TieredStopAtLevel=1 -Dspring.output.ansi.enabled=always -Dcom.sun.management.jmxremote -Dspring.jmx.enabled=true -Dspring.liveBeansView.mbeanDomain -Dspring.application.admin.enabled=true -Dmanagement.endpoints.jmx.exposure.include=* -javaagent:C:\Program Files\JetBrains\IntelliJ IDEA 2023.1.2\lib\idea_rt.jar=64651:C:\Program Files\JetBrains\IntelliJ IDEA 2023.1.2\bin -Dfile.encoding=UTF-8 com.project.webApp.WebAppApplication

Host: Intel(R) Core(TM) i5-9300H CPU @ 2.40GHz, 8 cores, 15G,  Windows 11 , 64 bit Build 22621 (10.0.22621.1778)
Time: Thu Jul  6 22:44:09 2023  Windows 11 , 64 bit Build 22621 (10.0.22621.1778) elapsed time: 0.785349 seconds (0d 0h 0m 0s)

---------------  T H R E A D  ---------------

Current thread (0x000001c4a650d060):  JavaThread "restartedMain" [_thread_in_vm, id=17600, stack(0x0000000295c00000,0x0000000295d00000)]

Stack: [0x0000000295c00000,0x0000000295d00000]
Native frames: (J=compiled Java code, j=interpreted, Vv=VM code, C=native code)
V  [jvm.dll+0x683c5a]
V  [jvm.dll+0x842764]
V  [jvm.dll+0x843f5e]
V  [jvm.dll+0x8445c3]
V  [jvm.dll+0x249b75]
V  [jvm.dll+0x83e7bb]
V  [jvm.dll+0x628006]
V  [jvm.dll+0x1c194e]
V  [jvm.dll+0x62a941]
V  [jvm.dll+0x6289a6]
V  [jvm.dll+0x6327d7]
V  [jvm.dll+0x1eda2b]
V  [jvm.dll+0x1edf65]
V  [jvm.dll+0x1ee884]
V  [jvm.dll+0x1e3dcc]
V  [jvm.dll+0x547fed]
V  [jvm.dll+0x7bd395]
V  [jvm.dll+0x7bd4ae]
V  [jvm.dll+0x41182a]
V  [jvm.dll+0x4179a9]
C  [java.dll+0x17ec]

Java frames: (J=compiled Java code, j=interpreted, Vv=VM code)
J 1121  java.lang.ClassLoader.defineClass1(Ljava/lang/ClassLoader;Ljava/lang/String;[BIILjava/security/ProtectionDomain;Ljava/lang/String;)Ljava/lang/Class; java.base@17.0.6 (0 bytes) @ 0x000001c496084663 [0x000001c4960845a0+0x00000000000000c3]
j  java.lang.ClassLoader.defineClass(Ljava/lang/String;[BIILjava/security/ProtectionDomain;)Ljava/lang/Class;+27 java.base@17.0.6
J 1126 c1 jdk.internal.loader.BuiltinClassLoader.defineClass(Ljava/lang/String;Ljdk/internal/loader/Resource;)Ljava/lang/Class; java.base@17.0.6 (121 bytes) @ 0x000001c49608af74 [0x000001c49608aaa0+0x00000000000004d4]
J 1122 c1 jdk.internal.loader.BuiltinClassLoader.findClassOnClassPathOrNull(Ljava/lang/String;)Ljava/lang/Class; java.base@17.0.6 (64 bytes) @ 0x000001c49608846c [0x000001c4960881a0+0x00000000000002cc]
J 927 c1 jdk.internal.loader.BuiltinClassLoader.loadClassOrNull(Ljava/lang/String;Z)Ljava/lang/Class; java.base@17.0.6 (143 bytes) @ 0x000001c49602e284 [0x000001c49602de00+0x0000000000000484]
J 1032 c1 jdk.internal.loader.ClassLoaders$AppClassLoader.loadClass(Ljava/lang/String;Z)Ljava/lang/Class; java.base@17.0.6 (40 bytes) @ 0x000001c496062fac [0x000001c496062e60+0x000000000000014c]
J 1031 c1 java.lang.ClassLoader.loadClass(Ljava/lang/String;)Ljava/lang/Class; java.base@17.0.6 (7 bytes) @ 0x000001c4960623e4 [0x000001c4960623a0+0x0000000000000044]
v  ~StubRoutines::call_stub
j  java.lang.Class.getDeclaredConstructors0(Z)[Ljava/lang/reflect/Constructor;+0 java.base@17.0.6
j  java.lang.Class.privateGetDeclaredConstructors(Z)[Ljava/lang/reflect/Constructor;+52 java.base@17.0.6
j  java.lang.Class.getConstructors()[Ljava/lang/reflect/Constructor;+20 java.base@17.0.6
j  org.springframework.core.io.support.SpringFactoriesLoader$FactoryInstantiator.findConstructor(Ljava/lang/Class;)Ljava/lang/reflect/Constructor;+14
j  org.springframework.core.io.support.SpringFactoriesLoader$FactoryInstantiator.forClass(Ljava/lang/Class;)Lorg/springframework/core/io/support/SpringFactoriesLoader$FactoryInstantiator;+1
j  org.springframework.core.io.support.SpringFactoriesLoader.instantiateFactory(Ljava/lang/String;Ljava/lang/Class;Lorg/springframework/core/io/support/SpringFactoriesLoader$ArgumentResolver;Lorg/springframework/core/io/support/SpringFactoriesLoader$FailureHandler;)Ljava/lang/Object;+28
j  org.springframework.core.io.support.SpringFactoriesLoader.load(Ljava/lang/Class;Lorg/springframework/core/io/support/SpringFactoriesLoader$ArgumentResolver;Lorg/springframework/core/io/support/SpringFactoriesLoader$FailureHandler;)Ljava/util/List;+99
j  org.springframework.core.io.support.SpringFactoriesLoader.load(Ljava/lang/Class;)Ljava/util/List;+4
j  org.springframework.core.io.support.SpringFactoriesLoader.loadFactories(Ljava/lang/Class;Ljava/lang/ClassLoader;)Ljava/util/List;+5
j  org.springframework.boot.logging.LoggingSystemFactory.lambda$fromSpringFactories$0(Ljava/lang/ClassLoader;)Ljava/util/List;+3
j  org.springframework.boot.logging.LoggingSystemFactory$$Lambda$147+0x00000008001a8c08.apply(Ljava/lang/Object;)Ljava/lang/Object;+4
j  org.springframework.boot.logging.DelegatingLoggingSystemFactory.getLoggingSystem(Ljava/lang/ClassLoader;)Lorg/springframework/boot/logging/LoggingSystem;+12
j  org.springframework.boot.logging.LoggingSystem.get(Ljava/lang/ClassLoader;)Lorg/springframework/boot/logging/LoggingSystem;+41
j  org.springframework.boot.context.logging.LoggingApplicationListener.onApplicationStartingEvent(Lorg/springframework/boot/context/event/ApplicationStartingEvent;)V+8
j  org.springframework.boot.context.logging.LoggingApplicationListener.onApplicationEvent(Lorg/springframework/context/ApplicationEvent;)V+14
j  org.springframework.context.event.SimpleApplicationEventMulticaster.doInvokeListener(Lorg/springframework/context/ApplicationListener;Lorg/springframework/context/ApplicationEvent;)V+2
j  org.springframework.context.event.SimpleApplicationEventMulticaster.invokeListener(Lorg/springframework/context/ApplicationListener;Lorg/springframework/context/ApplicationEvent;)V+34
j  org.springframework.context.event.SimpleApplicationEventMulticaster.multicastEvent(Lorg/springframework/context/ApplicationEvent;Lorg/springframework/core/ResolvableType;)V+82
j  org.springframework.context.event.SimpleApplicationEventMulticaster.multicastEvent(Lorg/springframework/context/ApplicationEvent;)V+3
j  org.springframework.boot.context.event.EventPublishingRunListener.multicastInitialEvent(Lorg/springframework/context/ApplicationEvent;)V+9
j  org.springframework.boot.context.event.EventPublishingRunListener.starting(Lorg/springframework/boot/ConfigurableBootstrapContext;)V+17
j  org.springframework.boot.SpringApplicationRunListeners.lambda$starting$0(Lorg/springframework/boot/ConfigurableBootstrapContext;Lorg/springframework/boot/SpringApplicationRunListener;)V+2
j  org.springframework.boot.SpringApplicationRunListeners$$Lambda$134+0x000000080019fc50.accept(Ljava/lang/Object;)V+8
j  java.lang.Iterable.forEach(Ljava/util/function/Consumer;)V+30 java.base@17.0.6
j  org.springframework.boot.SpringApplicationRunListeners.doWithListeners(Ljava/lang/String;Ljava/util/function/Consumer;Ljava/util/function/Consumer;)V+17
j  org.springframework.boot.SpringApplicationRunListeners.starting(Lorg/springframework/boot/ConfigurableBootstrapContext;Ljava/lang/Class;)V+15
j  org.springframework.boot.SpringApplication.run([Ljava/lang/String;)Lorg/springframework/context/ConfigurableApplicationContext;+32
j  org.springframework.boot.SpringApplication.run([Ljava/lang/Class;[Ljava/lang/String;)Lorg/springframework/context/ConfigurableApplicationContext;+9
j  org.springframework.boot.SpringApplication.run(Ljava/lang/Class;[Ljava/lang/String;)Lorg/springframework/context/ConfigurableApplicationContext;+9
j  com.project.webApp.WebAppApplication.main([Ljava/lang/String;)V+3
v  ~StubRoutines::call_stub
j  jdk.internal.reflect.NativeMethodAccessorImpl.invoke0(Ljava/lang/reflect/Method;Ljava/lang/Object;[Ljava/lang/Object;)Ljava/lang/Object;+0 java.base@17.0.6
j  jdk.internal.reflect.NativeMethodAccessorImpl.invoke(Ljava/lang/Object;[Ljava/lang/Object;)Ljava/lang/Object;+133 java.base@17.0.6
j  jdk.internal.reflect.DelegatingMethodAccessorImpl.invoke(Ljava/lang/Object;[Ljava/lang/Object;)Ljava/lang/Object;+6 java.base@17.0.6
j  java.lang.reflect.Method.invoke(Ljava/lang/Object;[Ljava/lang/Object;)Ljava/lang/Object;+59 java.base@17.0.6
j  org.springframework.boot.devtools.restart.RestartLauncher.run()V+47
v  ~StubRoutines::call_stub

---------------  P R O C E S S  ---------------

Threads class SMR info:
_java_thread_list=0x000001c4a742c730, length=17, elements={
0x000001c49256a770, 0x000001c4a586f260, 0x000001c4a586fd20, 0x000001c4a585bde0,
0x000001c4a5885fb0, 0x000001c4a5888880, 0x000001c4a5889140, 0x000001c4a5889a00,
0x000001c4a58aa530, 0x000001c4a5984020, 0x000001c4a5a308f0, 0x000001c4a5a31310,
0x000001c4a5f7c190, 0x000001c4a5f7c660, 0x000001c4a61c66d0, 0x000001c4a650bf00,
0x000001c4a650d060
}

Java Threads: ( => current thread )
  0x000001c49256a770 JavaThread "main" [_thread_blocked, id=2112, stack(0x0000000293e00000,0x0000000293f00000)]
  0x000001c4a586f260 JavaThread "Reference Handler" daemon [_thread_blocked, id=7596, stack(0x0000000294500000,0x0000000294600000)]
  0x000001c4a586fd20 JavaThread "Finalizer" daemon [_thread_blocked, id=18840, stack(0x0000000294600000,0x0000000294700000)]
  0x000001c4a585bde0 JavaThread "Signal Dispatcher" daemon [_thread_blocked, id=15968, stack(0x0000000294700000,0x0000000294800000)]
  0x000001c4a5885fb0 JavaThread "Attach Listener" daemon [_thread_blocked, id=11372, stack(0x0000000294800000,0x0000000294900000)]
  0x000001c4a5888880 JavaThread "Service Thread" daemon [_thread_blocked, id=6508, stack(0x0000000294900000,0x0000000294a00000)]
  0x000001c4a5889140 JavaThread "Monitor Deflation Thread" daemon [_thread_blocked, id=15688, stack(0x0000000294a00000,0x0000000294b00000)]
  0x000001c4a5889a00 JavaThread "C1 CompilerThread0" daemon [_thread_blocked, id=14980, stack(0x0000000294b00000,0x0000000294c00000)]
  0x000001c4a58aa530 JavaThread "Sweeper thread" daemon [_thread_blocked, id=6988, stack(0x0000000294c00000,0x0000000294d00000)]
  0x000001c4a5984020 JavaThread "Common-Cleaner" daemon [_thread_blocked, id=13248, stack(0x0000000294d00000,0x0000000294e00000)]
  0x000001c4a5a308f0 JavaThread "C1 CompilerThread1" daemon [_thread_blocked, id=2836, stack(0x0000000294e00000,0x0000000294f00000)]
  0x000001c4a5a31310 JavaThread "C1 CompilerThread2" daemon [_thread_blocked, id=17588, stack(0x0000000294f00000,0x0000000295000000)]
  0x000001c4a5f7c190 JavaThread "Monitor Ctrl-Break" daemon [_thread_in_native, id=13636, stack(0x0000000295000000,0x0000000295100000)]
  0x000001c4a5f7c660 JavaThread "Notification Thread" daemon [_thread_blocked, id=1712, stack(0x0000000295100000,0x0000000295200000)]
  0x000001c4a61c66d0 JavaThread "RMI TCP Accept-0" daemon [_thread_in_native, id=8360, stack(0x0000000295200000,0x0000000295300000)]
  0x000001c4a650bf00 JavaThread "Thread-0" [_thread_blocked, id=11704, stack(0x0000000295b00000,0x0000000295c00000)]
=>0x000001c4a650d060 JavaThread "restartedMain" [_thread_in_vm, id=17600, stack(0x0000000295c00000,0x0000000295d00000)]

Other Threads:
  0x000001c4a584d6d0 VMThread "VM Thread" [stack: 0x0000000294400000,0x0000000294500000] [id=18552]
  0x000001c4925ede40 WatcherThread [stack: 0x0000000295300000,0x0000000295400000] [id=17668]
  0x000001c4925d4b00 GCTaskThread "GC Thread#0" [stack: 0x0000000293f00000,0x0000000294000000] [id=16148]
  0x000001c4a64812d0 GCTaskThread "GC Thread#1" [stack: 0x0000000295400000,0x0000000295500000] [id=15100]
  0x000001c4a6498e90 GCTaskThread "GC Thread#2" [stack: 0x0000000295500000,0x0000000295600000] [id=18996]
  0x000001c4a6499140 GCTaskThread "GC Thread#3" [stack: 0x0000000295600000,0x0000000295700000] [id=1436]
  0x000001c4a64993f0 GCTaskThread "GC Thread#4" [stack: 0x0000000295700000,0x0000000295800000] [id=13076]
  0x000001c4a64996a0 GCTaskThread "GC Thread#5" [stack: 0x0000000295800000,0x0000000295900000] [id=17452]
  0x000001c4a744e760 GCTaskThread "GC Thread#6" [stack: 0x0000000295900000,0x0000000295a00000] [id=692]
  0x000001c4925e58a0 ConcurrentGCThread "G1 Main Marker" [stack: 0x0000000294000000,0x0000000294100000] [id=17332]
  0x000001c4925e6960 ConcurrentGCThread "G1 Conc#0" [stack: 0x0000000294100000,0x0000000294200000] [id=12380]
  0x000001c49261ddc0 ConcurrentGCThread "G1 Refine#0" [stack: 0x0000000294200000,0x0000000294300000] [id=1876]
  0x000001c4a744f630 ConcurrentGCThread "G1 Refine#1" [stack: 0x0000000295a00000,0x0000000295b00000] [id=14212]
  0x000001c4a83d8830 ConcurrentGCThread "G1 Refine#2" unknown state (no osThread)
  0x000001c49261e6f0 ConcurrentGCThread "G1 Service" [stack: 0x0000000294300000,0x0000000294400000] [id=16536]

Threads with active compile tasks:

VM state: not at safepoint (normal execution)

VM Mutex/Monitor currently owned by a thread:  ([mutex/lock_event])
[0x000001c4925524c0] Metaspace_lock - owner thread: 0x000001c4a650d060

Heap address: 0x0000000702800000, size: 4056 MB, Compressed Oops mode: Zero based, Oop shift amount: 3

CDS archive(s) not mapped
Compressed class space mapped at: 0x0000000800000000-0x0000000840000000, reserved size: 1073741824
Narrow klass base: 0x0000000800000000, Narrow klass shift: 0, Narrow klass range: 0x40000000

GC Precious Log:
 CPUs: 8 total, 8 available
 Memory: 16221M
 Large Page Support: Disabled
 NUMA Support: Disabled
 Compressed Oops: Enabled (Zero based)
 Heap Region Size: 2M
 Heap Min Capacity: 8M
 Heap Initial Capacity: 254M
 Heap Max Capacity: 4056M
 Pre-touch: Disabled
 Parallel Workers: 8
 Concurrent Workers: 2
 Concurrent Refinement Workers: 8
 Periodic GC: Disabled

Heap:
 garbage-first heap   total 260096K, used 8929K [0x0000000702800000, 0x0000000800000000)
  region size 2048K, 4 young (8192K), 2 survivors (4096K)
 Metaspace       used 15840K, committed 16000K, reserved 1064960K
  class space    used 1713K, committed 1792K, reserved 1048576K

Heap Regions: E=young(eden), S=young(survivor), O=old, HS=humongous(starts), HC=humongous(continues), CS=collection set, F=free, OA=open archive, CA=closed archive, TAMS=top-at-mark-start (previous, next)
|   0|0x0000000702800000, 0x0000000702a00000, 0x0000000702a00000|100%| O|  |TAMS 0x0000000702800000, 0x0000000702800000| Untracked 
|   1|0x0000000702a00000, 0x0000000702ab8400, 0x0000000702c00000| 35%| O|  |TAMS 0x0000000702a00000, 0x0000000702a00000| Untracked 
|   2|0x0000000702c00000, 0x0000000702c00000, 0x0000000702e00000|  0%| F|  |TAMS 0x0000000702c00000, 0x0000000702c00000| Untracked 
|   3|0x0000000702e00000, 0x0000000702e00000, 0x0000000703000000|  0%| F|  |TAMS 0x0000000702e00000, 0x0000000702e00000| Untracked 
|   4|0x0000000703000000, 0x0000000703000000, 0x0000000703200000|  0%| F|  |TAMS 0x0000000703000000, 0x0000000703000000| Untracked 
|   5|0x0000000703200000, 0x0000000703200000, 0x0000000703400000|  0%| F|  |TAMS 0x0000000703200000, 0x0000000703200000| Untracked 
|   6|0x0000000703400000, 0x0000000703400000, 0x0000000703600000|  0%| F|  |TAMS 0x0000000703400000, 0x0000000703400000| Untracked 
|   7|0x0000000703600000, 0x0000000703600000, 0x0000000703800000|  0%| F|  |TAMS 0x0000000703600000, 0x0000000703600000| Untracked 
|   8|0x0000000703800000, 0x0000000703800000, 0x0000000703a00000|  0%| F|  |TAMS 0x0000000703800000, 0x0000000703800000| Untracked 
|   9|0x0000000703a00000, 0x0000000703a00000, 0x0000000703c00000|  0%| F|  |TAMS 0x0000000703a00000, 0x0000000703a00000| Untracked 
|  10|0x0000000703c00000, 0x0000000703c00000, 0x0000000703e00000|  0%| F|  |TAMS 0x0000000703c00000, 0x0000000703c00000| Untracked 
|  11|0x0000000703e00000, 0x0000000703e00000, 0x0000000704000000|  0%| F|  |TAMS 0x0000000703e00000, 0x0000000703e00000| Untracked 
|  12|0x0000000704000000, 0x0000000704000000, 0x0000000704200000|  0%| F|  |TAMS 0x0000000704000000, 0x0000000704000000| Untracked 
|  13|0x0000000704200000, 0x0000000704200000, 0x0000000704400000|  0%| F|  |TAMS 0x0000000704200000, 0x0000000704200000| Untracked 
|  14|0x0000000704400000, 0x0000000704400000, 0x0000000704600000|  0%| F|  |TAMS 0x0000000704400000, 0x0000000704400000| Untracked 
|  15|0x0000000704600000, 0x0000000704600000, 0x0000000704800000|  0%| F|  |TAMS 0x0000000704600000, 0x0000000704600000| Untracked 
|  16|0x0000000704800000, 0x0000000704800000, 0x0000000704a00000|  0%| F|  |TAMS 0x0000000704800000, 0x0000000704800000| Untracked 
|  17|0x0000000704a00000, 0x0000000704a00000, 0x0000000704c00000|  0%| F|  |TAMS 0x0000000704a00000, 0x0000000704a00000| Untracked 
|  18|0x0000000704c00000, 0x0000000704c00000, 0x0000000704e00000|  0%| F|  |TAMS 0x0000000704c00000, 0x0000000704c00000| Untracked 
|  19|0x0000000704e00000, 0x0000000704e00000, 0x0000000705000000|  0%| F|  |TAMS 0x0000000704e00000, 0x0000000704e00000| Untracked 
|  20|0x0000000705000000, 0x0000000705000000, 0x0000000705200000|  0%| F|  |TAMS 0x0000000705000000, 0x0000000705000000| Untracked 
|  21|0x0000000705200000, 0x0000000705200000, 0x0000000705400000|  0%| F|  |TAMS 0x0000000705200000, 0x0000000705200000| Untracked 
|  22|0x0000000705400000, 0x0000000705400000, 0x0000000705600000|  0%| F|  |TAMS 0x0000000705400000, 0x0000000705400000| Untracked 
|  23|0x0000000705600000, 0x0000000705600000, 0x0000000705800000|  0%| F|  |TAMS 0x0000000705600000, 0x0000000705600000| Untracked 
|  24|0x0000000705800000, 0x0000000705800000, 0x0000000705a00000|  0%| F|  |TAMS 0x0000000705800000, 0x0000000705800000| Untracked 
|  25|0x0000000705a00000, 0x0000000705a00000, 0x0000000705c00000|  0%| F|  |TAMS 0x0000000705a00000, 0x0000000705a00000| Untracked 
|  26|0x0000000705c00000, 0x0000000705c00000, 0x0000000705e00000|  0%| F|  |TAMS 0x0000000705c00000, 0x0000000705c00000| Untracked 
|  27|0x0000000705e00000, 0x0000000705e00000, 0x0000000706000000|  0%| F|  |TAMS 0x0000000705e00000, 0x0000000705e00000| Untracked 
|  28|0x0000000706000000, 0x0000000706000000, 0x0000000706200000|  0%| F|  |TAMS 0x0000000706000000, 0x0000000706000000| Untracked 
|  29|0x0000000706200000, 0x0000000706200000, 0x0000000706400000|  0%| F|  |TAMS 0x0000000706200000, 0x0000000706200000| Untracked 
|  30|0x0000000706400000, 0x0000000706400000, 0x0000000706600000|  0%| F|  |TAMS 0x0000000706400000, 0x0000000706400000| Untracked 
|  31|0x0000000706600000, 0x0000000706600000, 0x0000000706800000|  0%| F|  |TAMS 0x0000000706600000, 0x0000000706600000| Untracked 
|  32|0x0000000706800000, 0x0000000706800000, 0x0000000706a00000|  0%| F|  |TAMS 0x0000000706800000, 0x0000000706800000| Untracked 
|  33|0x0000000706a00000, 0x0000000706a00000, 0x0000000706c00000|  0%| F|  |TAMS 0x0000000706a00000, 0x0000000706a00000| Untracked 
|  34|0x0000000706c00000, 0x0000000706c00000, 0x0000000706e00000|  0%| F|  |TAMS 0x0000000706c00000, 0x0000000706c00000| Untracked 
|  35|0x0000000706e00000, 0x0000000706e00000, 0x0000000707000000|  0%| F|  |TAMS 0x0000000706e00000, 0x0000000706e00000| Untracked 
|  36|0x0000000707000000, 0x0000000707000000, 0x0000000707200000|  0%| F|  |TAMS 0x0000000707000000, 0x0000000707000000| Untracked 
|  37|0x0000000707200000, 0x0000000707200000, 0x0000000707400000|  0%| F|  |TAMS 0x0000000707200000, 0x0000000707200000| Untracked 
|  38|0x0000000707400000, 0x0000000707400000, 0x0000000707600000|  0%| F|  |TAMS 0x0000000707400000, 0x0000000707400000| Untracked 
|  39|0x0000000707600000, 0x0000000707600000, 0x0000000707800000|  0%| F|  |TAMS 0x0000000707600000, 0x0000000707600000| Untracked 
|  40|0x0000000707800000, 0x0000000707800000, 0x0000000707a00000|  0%| F|  |TAMS 0x0000000707800000, 0x0000000707800000| Untracked 
|  41|0x0000000707a00000, 0x0000000707a00000, 0x0000000707c00000|  0%| F|  |TAMS 0x0000000707a00000, 0x0000000707a00000| Untracked 
|  42|0x0000000707c00000, 0x0000000707c00000, 0x0000000707e00000|  0%| F|  |TAMS 0x0000000707c00000, 0x0000000707c00000| Untracked 
|  43|0x0000000707e00000, 0x0000000707e00000, 0x0000000708000000|  0%| F|  |TAMS 0x0000000707e00000, 0x0000000707e00000| Untracked 
|  44|0x0000000708000000, 0x0000000708000000, 0x0000000708200000|  0%| F|  |TAMS 0x0000000708000000, 0x0000000708000000| Untracked 
|  45|0x0000000708200000, 0x0000000708200000, 0x0000000708400000|  0%| F|  |TAMS 0x0000000708200000, 0x0000000708200000| Untracked 
|  46|0x0000000708400000, 0x0000000708400000, 0x0000000708600000|  0%| F|  |TAMS 0x0000000708400000, 0x0000000708400000| Untracked 
|  47|0x0000000708600000, 0x0000000708600000, 0x0000000708800000|  0%| F|  |TAMS 0x0000000708600000, 0x0000000708600000| Untracked 
|  48|0x0000000708800000, 0x0000000708800000, 0x0000000708a00000|  0%| F|  |TAMS 0x0000000708800000, 0x0000000708800000| Untracked 
|  49|0x0000000708a00000, 0x0000000708a00000, 0x0000000708c00000|  0%| F|  |TAMS 0x0000000708a00000, 0x0000000708a00000| Untracked 
|  50|0x0000000708c00000, 0x0000000708c00000, 0x0000000708e00000|  0%| F|  |TAMS 0x0000000708c00000, 0x0000000708c00000| Untracked 
|  51|0x0000000708e00000, 0x0000000708e00000, 0x0000000709000000|  0%| F|  |TAMS 0x0000000708e00000, 0x0000000708e00000| Untracked 
|  52|0x0000000709000000, 0x0000000709000000, 0x0000000709200000|  0%| F|  |TAMS 0x0000000709000000, 0x0000000709000000| Untracked 
|  53|0x0000000709200000, 0x0000000709200000, 0x0000000709400000|  0%| F|  |TAMS 0x0000000709200000, 0x0000000709200000| Untracked 
|  54|0x0000000709400000, 0x0000000709400000, 0x0000000709600000|  0%| F|  |TAMS 0x0000000709400000, 0x0000000709400000| Untracked 
|  55|0x0000000709600000, 0x0000000709600000, 0x0000000709800000|  0%| F|  |TAMS 0x0000000709600000, 0x0000000709600000| Untracked 
|  56|0x0000000709800000, 0x0000000709800000, 0x0000000709a00000|  0%| F|  |TAMS 0x0000000709800000, 0x0000000709800000| Untracked 
|  57|0x0000000709a00000, 0x0000000709a00000, 0x0000000709c00000|  0%| F|  |TAMS 0x0000000709a00000, 0x0000000709a00000| Untracked 
|  58|0x0000000709c00000, 0x0000000709c00000, 0x0000000709e00000|  0%| F|  |TAMS 0x0000000709c00000, 0x0000000709c00000| Untracked 
|  59|0x0000000709e00000, 0x0000000709e00000, 0x000000070a000000|  0%| F|  |TAMS 0x0000000709e00000, 0x0000000709e00000| Untracked 
|  60|0x000000070a000000, 0x000000070a000000, 0x000000070a200000|  0%| F|  |TAMS 0x000000070a000000, 0x000000070a000000| Untracked 
|  61|0x000000070a200000, 0x000000070a200000, 0x000000070a400000|  0%| F|  |TAMS 0x000000070a200000, 0x000000070a200000| Untracked 
|  62|0x000000070a400000, 0x000000070a400000, 0x000000070a600000|  0%| F|  |TAMS 0x000000070a400000, 0x000000070a400000| Untracked 
|  63|0x000000070a600000, 0x000000070a600000, 0x000000070a800000|  0%| F|  |TAMS 0x000000070a600000, 0x000000070a600000| Untracked 
|  64|0x000000070a800000, 0x000000070a800000, 0x000000070aa00000|  0%| F|  |TAMS 0x000000070a800000, 0x000000070a800000| Untracked 
|  65|0x000000070aa00000, 0x000000070aa00000, 0x000000070ac00000|  0%| F|  |TAMS 0x000000070aa00000, 0x000000070aa00000| Untracked 
|  66|0x000000070ac00000, 0x000000070ac00000, 0x000000070ae00000|  0%| F|  |TAMS 0x000000070ac00000, 0x000000070ac00000| Untracked 
|  67|0x000000070ae00000, 0x000000070ae00000, 0x000000070b000000|  0%| F|  |TAMS 0x000000070ae00000, 0x000000070ae00000| Untracked 
|  68|0x000000070b000000, 0x000000070b000000, 0x000000070b200000|  0%| F|  |TAMS 0x000000070b000000, 0x000000070b000000| Untracked 
|  69|0x000000070b200000, 0x000000070b200000, 0x000000070b400000|  0%| F|  |TAMS 0x000000070b200000, 0x000000070b200000| Untracked 
|  70|0x000000070b400000, 0x000000070b400000, 0x000000070b600000|  0%| F|  |TAMS 0x000000070b400000, 0x000000070b400000| Untracked 
|  71|0x000000070b600000, 0x000000070b600000, 0x000000070b800000|  0%| F|  |TAMS 0x000000070b600000, 0x000000070b600000| Untracked 
|  72|0x000000070b800000, 0x000000070b800000, 0x000000070ba00000|  0%| F|  |TAMS 0x000000070b800000, 0x000000070b800000| Untracked 
|  73|0x000000070ba00000, 0x000000070ba00000, 0x000000070bc00000|  0%| F|  |TAMS 0x000000070ba00000, 0x000000070ba00000| Untracked 
|  74|0x000000070bc00000, 0x000000070bc00000, 0x000000070be00000|  0%| F|  |TAMS 0x000000070bc00000, 0x000000070bc00000| Untracked 
|  75|0x000000070be00000, 0x000000070be00000, 0x000000070c000000|  0%| F|  |TAMS 0x000000070be00000, 0x000000070be00000| Untracked 
|  76|0x000000070c000000, 0x000000070c000000, 0x000000070c200000|  0%| F|  |TAMS 0x000000070c000000, 0x000000070c000000| Untracked 
|  77|0x000000070c200000, 0x000000070c200000, 0x000000070c400000|  0%| F|  |TAMS 0x000000070c200000, 0x000000070c200000| Untracked 
|  78|0x000000070c400000, 0x000000070c400000, 0x000000070c600000|  0%| F|  |TAMS 0x000000070c400000, 0x000000070c400000| Untracked 
|  79|0x000000070c600000, 0x000000070c600000, 0x000000070c800000|  0%| F|  |TAMS 0x000000070c600000, 0x000000070c600000| Untracked 
|  80|0x000000070c800000, 0x000000070c800000, 0x000000070ca00000|  0%| F|  |TAMS 0x000000070c800000, 0x000000070c800000| Untracked 
|  81|0x000000070ca00000, 0x000000070ca00000, 0x000000070cc00000|  0%| F|  |TAMS 0x000000070ca00000, 0x000000070ca00000| Untracked 
|  82|0x000000070cc00000, 0x000000070cc00000, 0x000000070ce00000|  0%| F|  |TAMS 0x000000070cc00000, 0x000000070cc00000| Untracked 
|  83|0x000000070ce00000, 0x000000070ce00000, 0x000000070d000000|  0%| F|  |TAMS 0x000000070ce00000, 0x000000070ce00000| Untracked 
|  84|0x000000070d000000, 0x000000070d000000, 0x000000070d200000|  0%| F|  |TAMS 0x000000070d000000, 0x000000070d000000| Untracked 
|  85|0x000000070d200000, 0x000000070d200000, 0x000000070d400000|  0%| F|  |TAMS 0x000000070d200000, 0x000000070d200000| Untracked 
|  86|0x000000070d400000, 0x000000070d400000, 0x000000070d600000|  0%| F|  |TAMS 0x000000070d400000, 0x000000070d400000| Untracked 
|  87|0x000000070d600000, 0x000000070d600000, 0x000000070d800000|  0%| F|  |TAMS 0x000000070d600000, 0x000000070d600000| Untracked 
|  88|0x000000070d800000, 0x000000070d800000, 0x000000070da00000|  0%| F|  |TAMS 0x000000070d800000, 0x000000070d800000| Untracked 
|  89|0x000000070da00000, 0x000000070da00000, 0x000000070dc00000|  0%| F|  |TAMS 0x000000070da00000, 0x000000070da00000| Untracked 
|  90|0x000000070dc00000, 0x000000070dc00000, 0x000000070de00000|  0%| F|  |TAMS 0x000000070dc00000, 0x000000070dc00000| Untracked 
|  91|0x000000070de00000, 0x000000070de00000, 0x000000070e000000|  0%| F|  |TAMS 0x000000070de00000, 0x000000070de00000| Untracked 
|  92|0x000000070e000000, 0x000000070e000000, 0x000000070e200000|  0%| F|  |TAMS 0x000000070e000000, 0x000000070e000000| Untracked 
|  93|0x000000070e200000, 0x000000070e200000, 0x000000070e400000|  0%| F|  |TAMS 0x000000070e200000, 0x000000070e200000| Untracked 
|  94|0x000000070e400000, 0x000000070e400000, 0x000000070e600000|  0%| F|  |TAMS 0x000000070e400000, 0x000000070e400000| Untracked 
|  95|0x000000070e600000, 0x000000070e600000, 0x000000070e800000|  0%| F|  |TAMS 0x000000070e600000, 0x000000070e600000| Untracked 
|  96|0x000000070e800000, 0x000000070e800000, 0x000000070ea00000|  0%| F|  |TAMS 0x000000070e800000, 0x000000070e800000| Untracked 
|  97|0x000000070ea00000, 0x000000070ea00000, 0x000000070ec00000|  0%| F|  |TAMS 0x000000070ea00000, 0x000000070ea00000| Untracked 
|  98|0x000000070ec00000, 0x000000070ec00000, 0x000000070ee00000|  0%| F|  |TAMS 0x000000070ec00000, 0x000000070ec00000| Untracked 
|  99|0x000000070ee00000, 0x000000070ee00000, 0x000000070f000000|  0%| F|  |TAMS 0x000000070ee00000, 0x000000070ee00000| Untracked 
| 100|0x000000070f000000, 0x000000070f000000, 0x000000070f200000|  0%| F|  |TAMS 0x000000070f000000, 0x000000070f000000| Untracked 
| 101|0x000000070f200000, 0x000000070f200000, 0x000000070f400000|  0%| F|  |TAMS 0x000000070f200000, 0x000000070f200000| Untracked 
| 102|0x000000070f400000, 0x000000070f400000, 0x000000070f600000|  0%| F|  |TAMS 0x000000070f400000, 0x000000070f400000| Untracked 
| 103|0x000000070f600000, 0x000000070f600000, 0x000000070f800000|  0%| F|  |TAMS 0x000000070f600000, 0x000000070f600000| Untracked 
| 104|0x000000070f800000, 0x000000070f800000, 0x000000070fa00000|  0%| F|  |TAMS 0x000000070f800000, 0x000000070f800000| Untracked 
| 105|0x000000070fa00000, 0x000000070fa00000, 0x000000070fc00000|  0%| F|  |TAMS 0x000000070fa00000, 0x000000070fa00000| Untracked 
| 106|0x000000070fc00000, 0x000000070fc00000, 0x000000070fe00000|  0%| F|  |TAMS 0x000000070fc00000, 0x000000070fc00000| Untracked 
| 107|0x000000070fe00000, 0x000000070fe00000, 0x0000000710000000|  0%| F|  |TAMS 0x000000070fe00000, 0x000000070fe00000| Untracked 
| 108|0x0000000710000000, 0x0000000710000000, 0x0000000710200000|  0%| F|  |TAMS 0x0000000710000000, 0x0000000710000000| Untracked 
| 109|0x0000000710200000, 0x0000000710200000, 0x0000000710400000|  0%| F|  |TAMS 0x0000000710200000, 0x0000000710200000| Untracked 
| 110|0x0000000710400000, 0x0000000710400000, 0x0000000710600000|  0%| F|  |TAMS 0x0000000710400000, 0x0000000710400000| Untracked 
| 111|0x0000000710600000, 0x0000000710600000, 0x0000000710800000|  0%| F|  |TAMS 0x0000000710600000, 0x0000000710600000| Untracked 
| 112|0x0000000710800000, 0x0000000710800000, 0x0000000710a00000|  0%| F|  |TAMS 0x0000000710800000, 0x0000000710800000| Untracked 
| 113|0x0000000710a00000, 0x0000000710a00000, 0x0000000710c00000|  0%| F|  |TAMS 0x0000000710a00000, 0x0000000710a00000| Untracked 
| 114|0x0000000710c00000, 0x0000000710e00000, 0x0000000710e00000|100%| S|CS|TAMS 0x0000000710c00000, 0x0000000710c00000| Complete 
| 115|0x0000000710e00000, 0x0000000711000000, 0x0000000711000000|100%| S|CS|TAMS 0x0000000710e00000, 0x0000000710e00000| Complete 
| 116|0x0000000711000000, 0x0000000711000000, 0x0000000711200000|  0%| F|  |TAMS 0x0000000711000000, 0x0000000711000000| Untracked 
| 117|0x0000000711200000, 0x0000000711200000, 0x0000000711400000|  0%| F|  |TAMS 0x0000000711200000, 0x0000000711200000| Untracked 
| 118|0x0000000711400000, 0x0000000711400000, 0x0000000711600000|  0%| F|  |TAMS 0x0000000711400000, 0x0000000711400000| Untracked 
| 119|0x0000000711600000, 0x0000000711600000, 0x0000000711800000|  0%| F|  |TAMS 0x0000000711600000, 0x0000000711600000| Untracked 
| 120|0x0000000711800000, 0x0000000711800000, 0x0000000711a00000|  0%| F|  |TAMS 0x0000000711800000, 0x0000000711800000| Untracked 
| 121|0x0000000711a00000, 0x0000000711a00000, 0x0000000711c00000|  0%| F|  |TAMS 0x0000000711a00000, 0x0000000711a00000| Untracked 
| 122|0x0000000711c00000, 0x0000000711c00000, 0x0000000711e00000|  0%| F|  |TAMS 0x0000000711c00000, 0x0000000711c00000| Untracked 
| 123|0x0000000711e00000, 0x0000000711e00000, 0x0000000712000000|  0%| F|  |TAMS 0x0000000711e00000, 0x0000000711e00000| Untracked 
| 124|0x0000000712000000, 0x0000000712000000, 0x0000000712200000|  0%| F|  |TAMS 0x0000000712000000, 0x0000000712000000| Untracked 
| 125|0x0000000712200000, 0x00000007123b8688, 0x0000000712400000| 86%| E|  |TAMS 0x0000000712200000, 0x0000000712200000| Complete 
| 126|0x0000000712400000, 0x0000000712600000, 0x0000000712600000|100%| E|CS|TAMS 0x0000000712400000, 0x0000000712400000| Complete 

Card table byte_map: [0x000001c4995c0000,0x000001c499db0000] _byte_map_base: 0x000001c495dac000

Marking Bits (Prev, Next): (CMBitMap*) 0x000001c4925d5020, (CMBitMap*) 0x000001c4925d5060
 Prev Bits: [0x000001c49a5a0000, 0x000001c49e500000)
 Next Bits: [0x000001c49e500000, 0x000001c4a2460000)

Polling page: 0x000001c4906f0000

Metaspace:

Usage:
  Non-class:     13.80 MB used.
      Class:      1.67 MB used.
       Both:     15.47 MB used.

Virtual space:
  Non-class space:       16.00 MB reserved,      13.88 MB ( 87%) committed,  2 nodes.
      Class space:        1.00 GB reserved,       1.75 MB ( <1%) committed,  1 nodes.
             Both:        1.02 GB reserved,      15.62 MB (  2%) committed. 

Chunk freelists:
   Non-Class:  1.80 MB
       Class:  2.08 MB
        Both:  3.87 MB

MaxMetaspaceSize: unlimited
CompressedClassSpaceSize: 1.00 GB
Initial GC threshold: 21.00 MB
Current GC threshold: 21.00 MB
CDS: off
MetaspaceReclaimPolicy: balanced
 - commit_granule_bytes: 65536.
 - commit_granule_words: 8192.
 - virtual_space_node_default_size: 1048576.
 - enlarge_chunks_in_place: 1.
 - new_chunks_are_fully_committed: 0.
 - uncommit_free_chunks: 1.
 - use_allocation_guard: 0.
 - handle_deallocations: 1.


Internal statistics:

num_allocs_failed_limit: 0.
num_arena_births: 102.
num_arena_deaths: 0.
num_vsnodes_births: 3.
num_vsnodes_deaths: 0.
num_space_committed: 250.
num_space_uncommitted: 0.
num_chunks_returned_to_freelist: 0.
num_chunks_taken_from_freelist: 248.
num_chunk_merges: 0.
num_chunk_splits: 147.
num_chunks_enlarged: 101.
num_purges: 0.
num_inconsistent_stats: 0.

CodeCache: size=49152Kb used=4082Kb max_used=4082Kb free=45069Kb
 bounds [0x000001c495cc0000, 0x000001c4960c0000, 0x000001c498cc0000]
 total_blobs=1693 nmethods=1243 adapters=376
 compilation: enabled
              stopped_count=0, restarted_count=0
 full_count=0

Compilation events (20 events):
Event: 0.775 Thread 0x000001c4a5a31310 1234       1       java.util.stream.ReferencePipeline$StatelessOp::opIsStateful (2 bytes)
Event: 0.775 Thread 0x000001c4a5889a00 nmethod 1232 0x000001c4960b9710 code [0x000001c4960b98a0, 0x000001c4960b9978]
Event: 0.775 Thread 0x000001c4a5a308f0 nmethod 1233 0x000001c4960b9e90 code [0x000001c4960ba020, 0x000001c4960ba118]
Event: 0.775 Thread 0x000001c4a5889a00 1235       1       org.springframework.util.StringUtils::deleteAny (90 bytes)
Event: 0.775 Thread 0x000001c4a5a31310 nmethod 1234 0x000001c4960ba190 code [0x000001c4960ba320, 0x000001c4960ba3f8]
Event: 0.775 Thread 0x000001c4a5a308f0 1237       1       java.lang.invoke.DirectMethodHandle::allocateInstance (16 bytes)
Event: 0.775 Thread 0x000001c4a5a31310 1238       1       java.lang.invoke.DirectMethodHandle::constructorMethod (10 bytes)
Event: 0.775 Thread 0x000001c4a5a308f0 nmethod 1237 0x000001c4960ba490 code [0x000001c4960ba620, 0x000001c4960ba728]
Event: 0.775 Thread 0x000001c4a5a308f0 1239       1       java.util.Spliterators$ArraySpliterator::characteristics (5 bytes)
Event: 0.775 Thread 0x000001c4a5a31310 nmethod 1238 0x000001c4960ba810 code [0x000001c4960ba9a0, 0x000001c4960baa98]
Event: 0.775 Thread 0x000001c4a5a308f0 nmethod 1239 0x000001c4960bab90 code [0x000001c4960bad20, 0x000001c4960badf8]
Event: 0.776 Thread 0x000001c4a5889a00 nmethod 1235 0x000001c4960bae90 code [0x000001c4960bb0a0, 0x000001c4960bb6d8]
Event: 0.776 Thread 0x000001c4a5889a00 1240       1       java.util.ArrayList::toArray (57 bytes)
Event: 0.776 Thread 0x000001c4a5a308f0 1241       1       java.util.stream.StreamOpFlag::isKnown (19 bytes)
Event: 0.776 Thread 0x000001c4a5889a00 nmethod 1240 0x000001c4960bbb10 code [0x000001c4960bbcc0, 0x000001c4960bbff8]
Event: 0.776 Thread 0x000001c4a5a308f0 nmethod 1241 0x000001c4960bc110 code [0x000001c4960bc2a0, 0x000001c4960bc378]
Event: 0.781 Thread 0x000001c4a5a308f0 1242       1       java.lang.invoke.LambdaFormEditor$TransformKey::bval (26 bytes)
Event: 0.781 Thread 0x000001c4a5a308f0 nmethod 1242 0x000001c4960bc410 code [0x000001c4960bc5a0, 0x000001c4960bc658]
Event: 0.784 Thread 0x000001c4a5a308f0 1243       1       java.security.AccessController::executePrivileged (65 bytes)
Event: 0.784 Thread 0x000001c4a5a308f0 nmethod 1243 0x000001c4960bc710 code [0x000001c4960bc8c0, 0x000001c4960bc9b8]

GC Heap History (2 events):
Event: 0.747 GC heap before
{Heap before GC invocations=0 (full 0):
 garbage-first heap   total 260096K, used 20480K [0x0000000702800000, 0x0000000800000000)
  region size 2048K, 11 young (22528K), 0 survivors (0K)
 Metaspace       used 15675K, committed 15872K, reserved 1064960K
  class space    used 1692K, committed 1792K, reserved 1048576K
}
Event: 0.751 GC heap after
{Heap after GC invocations=1 (full 0):
 garbage-first heap   total 260096K, used 6881K [0x0000000702800000, 0x0000000800000000)
  region size 2048K, 2 young (4096K), 2 survivors (4096K)
 Metaspace       used 15675K, committed 15872K, reserved 1064960K
  class space    used 1692K, committed 1792K, reserved 1048576K
}

Dll operation events (2 events):
Event: 0.010 Loaded shared library C:\Program Files\JetBrains\IntelliJ IDEA 2023.1.2\jbr\bin\java.dll
Event: 0.186 Loaded shared library C:\Program Files\JetBrains\IntelliJ IDEA 2023.1.2\jbr\bin\zip.dll

Deoptimization events (0 events):
No events

Classes unloaded (0 events):
No events

Classes redefined (0 events):
No events

Internal exceptions (18 events):
Event: 0.297 Thread 0x000001c4a5f7c190 Exception <a 'java/lang/NoSuchMethodError'{0x0000000711c044f0}: 'java.lang.Object java.lang.invoke.DirectMethodHandle$Holder.invokeStaticInit(java.lang.Object)'> (0x0000000711c044f0) 
thrown [s\src\hotspot\share\interpreter\linkResolver.cpp, line 771]
Event: 0.304 Thread 0x000001c4a5f7c190 Exception <a 'java/lang/NoSuchMethodError'{0x0000000711c11c40}: 'void java.lang.invoke.DirectMethodHandle$Holder.invokeStatic(java.lang.Object, java.lang.Object)'> (0x0000000711c11c40) 
thrown [s\src\hotspot\share\interpreter\linkResolver.cpp, line 771]
Event: 0.332 Thread 0x000001c49256a770 Exception <a 'java/lang/NoSuchMethodError'{0x0000000711c8a138}: 'int java.lang.invoke.DirectMethodHandle$Holder.invokeInterface(java.lang.Object, java.lang.Object)'> (0x0000000711c8a138) 
thrown [s\src\hotspot\share\interpreter\linkResolver.cpp, line 771]
Event: 0.332 Thread 0x000001c49256a770 Exception <a 'java/lang/IncompatibleClassChangeError'{0x0000000711c8d738}: Found class java.lang.Object, but interface was expected> (0x0000000711c8d738) 
thrown [s\src\hotspot\share\interpreter\linkResolver.cpp, line 838]
Event: 0.380 Thread 0x000001c49256a770 Exception <a 'java/lang/NoSuchMethodError'{0x0000000711d5af20}: 'int java.lang.invoke.DirectMethodHandle$Holder.invokeSpecial(java.lang.Object, java.lang.Object, java.lang.Object)'> (0x0000000711d5af20) 
thrown [s\src\hotspot\share\interpreter\linkResolver.cpp, line 771]
Event: 0.423 Thread 0x000001c49256a770 Exception <a 'java/lang/NoSuchMethodError'{0x0000000711a61d38}: 'void java.lang.invoke.DirectMethodHandle$Holder.invokeStatic(java.lang.Object, java.lang.Object, java.lang.Object)'> (0x0000000711a61d38) 
thrown [s\src\hotspot\share\interpreter\linkResolver.cpp, line 771]
Event: 0.435 Thread 0x000001c49256a770 Exception <a 'java/lang/NoSuchMethodError'{0x0000000711aa4e10}: 'int java.lang.invoke.DirectMethodHandle$Holder.invokeSpecialIFC(java.lang.Object, java.lang.Object, java.lang.Object)'> (0x0000000711aa4e10) 
thrown [s\src\hotspot\share\interpreter\linkResolver.cpp, line 771]
Event: 0.465 Thread 0x000001c49256a770 Exception <a 'java/lang/NoSuchMethodError'{0x0000000711b1b468}: 'java.lang.Object java.lang.invoke.DirectMethodHandle$Holder.invokeStaticInit(java.lang.Object, int, int, int, int)'> (0x0000000711b1b468) 
thrown [s\src\hotspot\share\interpreter\linkResolver.cpp, line 771]
Event: 0.511 Thread 0x000001c49256a770 Exception <a 'java/lang/NoSuchMethodError'{0x0000000711bbb428}: 'java.lang.Object java.lang.invoke.DirectMethodHandle$Holder.invokeStaticInit(java.lang.Object, java.lang.Object, int, int, int, int)'> (0x0000000711bbb428) 
thrown [s\src\hotspot\share\interpreter\linkResolver.cpp, line 771]
Event: 0.525 Thread 0x000001c49256a770 Exception <a 'java/lang/ClassNotFoundException'{0x0000000711813280}: javax/management/remote/rmi/RMIServerImpl_Skel> (0x0000000711813280) 
thrown [s\src\hotspot\share\classfile\systemDictionary.cpp, line 256]
Event: 0.585 Thread 0x000001c49256a770 Exception <a 'java/lang/ClassNotFoundException'{0x00000007116979c0}: javax/smartcardio/CardPermission> (0x00000007116979c0) 
thrown [s\src\hotspot\share\classfile\systemDictionary.cpp, line 256]
Event: 0.588 Thread 0x000001c49256a770 Exception <a 'java/io/FileNotFoundException'{0x00000007116a6270}> (0x00000007116a6270) 
thrown [s\src\hotspot\share\prims\jni.cpp, line 517]
Event: 0.641 Thread 0x000001c49256a770 Exception <a 'java/lang/NoSuchMethodError'{0x000000071148b3d0}: 'void java.lang.invoke.DirectMethodHandle$Holder.invokeStatic(java.lang.Object, java.lang.Object, java.lang.Object, java.lang.Object)'> (0x000000071148b3d0) 
thrown [s\src\hotspot\share\interpreter\linkResolver.cpp, line 771]
Event: 0.665 Thread 0x000001c49256a770 Exception <a 'java/lang/NoSuchMethodError'{0x00000007115b8160}: 'int java.lang.invoke.DirectMethodHandle$Holder.invokeStaticInit(java.lang.Object, java.lang.Object)'> (0x00000007115b8160) 
thrown [s\src\hotspot\share\interpreter\linkResolver.cpp, line 771]
Event: 0.670 Thread 0x000001c49256a770 Exception <a 'java/lang/NoSuchMethodError'{0x00000007112067e8}: 'void java.lang.invoke.DirectMethodHandle$Holder.invokeInterface(java.lang.Object, java.lang.Object, java.lang.Object, java.lang.Object)'> (0x00000007112067e8) 
thrown [s\src\hotspot\share\interpreter\linkResolver.cpp, line 771]
Event: 0.703 Thread 0x000001c49256a770 Exception <a 'java/lang/NoSuchMethodError'{0x00000007113c03b0}: 'java.lang.Object java.lang.invoke.DirectMethodHandle$Holder.invokeInterface(java.lang.Object, java.lang.Object)'> (0x00000007113c03b0) 
thrown [s\src\hotspot\share\interpreter\linkResolver.cpp, line 771]
Event: 0.707 Thread 0x000001c49256a770 Exception <a 'java/lang/NoSuchMethodError'{0x00000007110088b0}: 'java.lang.Object java.lang.invoke.DirectMethodHandle$Holder.invokeSpecialIFC(java.lang.Object, java.lang.Object, java.lang.Object, java.lang.Object)'> (0x00000007110088b0) 
thrown [s\src\hotspot\share\interpreter\linkResolver.cpp, line 771]
Event: 0.710 Thread 0x000001c49256a770 Exception <a 'java/lang/NoSuchMethodError'{0x000000071102a230}: 'java.lang.Object java.lang.invoke.DirectMethodHandle$Holder.invokeInterface(java.lang.Object, java.lang.Object, java.lang.Object)'> (0x000000071102a230) 
thrown [s\src\hotspot\share\interpreter\linkResolver.cpp, line 771]

VM Operations (14 events):
Event: 0.176 Executing VM operation: HandshakeAllThreads
Event: 0.176 Executing VM operation: HandshakeAllThreads done
Event: 0.295 Executing VM operation: HandshakeAllThreads
Event: 0.295 Executing VM operation: HandshakeAllThreads done
Event: 0.337 Executing VM operation: HandshakeAllThreads
Event: 0.337 Executing VM operation: HandshakeAllThreads done
Event: 0.452 Executing VM operation: HandshakeAllThreads
Event: 0.452 Executing VM operation: HandshakeAllThreads done
Event: 0.558 Executing VM operation: HandshakeAllThreads
Event: 0.558 Executing VM operation: HandshakeAllThreads done
Event: 0.561 Executing VM operation: HandshakeAllThreads
Event: 0.561 Executing VM operation: HandshakeAllThreads done
Event: 0.747 Executing VM operation: G1CollectForAllocation
Event: 0.751 Executing VM operation: G1CollectForAllocation done

Events (20 events):
Event: 0.741 loading class java/util/jar/JarVerifier
Event: 0.742 loading class java/util/jar/JarVerifier done
Event: 0.742 loading class java/security/CodeSigner
Event: 0.742 loading class java/security/CodeSigner done
Event: 0.767 loading class java/util/regex/Pattern$BnM
Event: 0.767 loading class java/util/regex/Pattern$BnM done
Event: 0.767 loading class java/util/regex/Pattern$SliceS
Event: 0.767 loading class java/util/regex/Pattern$SliceS done
Event: 0.767 loading class java/util/regex/Matcher
Event: 0.767 loading class java/util/regex/MatchResult
Event: 0.767 loading class java/util/regex/MatchResult done
Event: 0.768 loading class java/util/regex/Matcher done
Event: 0.768 loading class java/util/regex/IntHashSet
Event: 0.768 loading class java/util/regex/IntHashSet done
Event: 0.769 loading class java/util/concurrent/LinkedBlockingDeque$Node
Event: 0.769 loading class java/util/concurrent/LinkedBlockingDeque$Node done
Event: 0.771 Thread 0x000001c4a650bf00 Thread added: 0x000001c4a650bf00
Event: 0.772 Thread 0x000001c4a650d060 Thread added: 0x000001c4a650d060
Event: 0.772 loading class java/net/URLClassLoader$1
Event: 0.772 loading class java/net/URLClassLoader$1 done


Dynamic libraries:
0x00007ff7f6820000 - 0x00007ff7f682a000 	C:\Program Files\JetBrains\IntelliJ IDEA 2023.1.2\jbr\bin\java.exe
0x00007ffda4b30000 - 0x00007ffda4d44000 	C:\WINDOWS\SYSTEM32\ntdll.dll
0x00007ffda40f0000 - 0x00007ffda41b2000 	C:\WINDOWS\System32\KERNEL32.DLL
0x00007ffda24c0000 - 0x00007ffda2863000 	C:\WINDOWS\System32\KERNELBASE.dll
0x00007ffda1f30000 - 0x00007ffda2041000 	C:\WINDOWS\System32\ucrtbase.dll
0x00007ffd8ae00000 - 0x00007ffd8ae17000 	C:\Program Files\JetBrains\IntelliJ IDEA 2023.1.2\jbr\bin\jli.dll
0x00007ffda48c0000 - 0x00007ffda4a6b000 	C:\WINDOWS\System32\USER32.dll
0x00007ffd8bcf0000 - 0x00007ffd8bd0b000 	C:\Program Files\JetBrains\IntelliJ IDEA 2023.1.2\jbr\bin\VCRUNTIME140.dll
0x00007ffd851a0000 - 0x00007ffd8542e000 	C:\WINDOWS\WinSxS\amd64_microsoft.windows.common-controls_6595b64144ccf1df_6.0.22621.1635_none_270f70857386168e\COMCTL32.dll
0x00007ffda2490000 - 0x00007ffda24b6000 	C:\WINDOWS\System32\win32u.dll
0x00007ffda42e0000 - 0x00007ffda4309000 	C:\WINDOWS\System32\GDI32.dll
0x00007ffda35d0000 - 0x00007ffda3677000 	C:\WINDOWS\System32\msvcrt.dll
0x00007ffda2050000 - 0x00007ffda2169000 	C:\WINDOWS\System32\gdi32full.dll
0x00007ffda2870000 - 0x00007ffda290a000 	C:\WINDOWS\System32\msvcp_win.dll
0x00007ffda41c0000 - 0x00007ffda41f1000 	C:\WINDOWS\System32\IMM32.DLL
0x00007ffd9e8a0000 - 0x00007ffd9e8ac000 	C:\Program Files\JetBrains\IntelliJ IDEA 2023.1.2\jbr\bin\vcruntime140_1.dll
0x00007ffd8a140000 - 0x00007ffd8a1cd000 	C:\Program Files\JetBrains\IntelliJ IDEA 2023.1.2\jbr\bin\msvcp140.dll
0x00007ffd05380000 - 0x00007ffd05fee000 	C:\Program Files\JetBrains\IntelliJ IDEA 2023.1.2\jbr\bin\server\jvm.dll
0x00007ffda4810000 - 0x00007ffda48be000 	C:\WINDOWS\System32\ADVAPI32.dll
0x00007ffda4040000 - 0x00007ffda40e4000 	C:\WINDOWS\System32\sechost.dll
0x00007ffda4310000 - 0x00007ffda4427000 	C:\WINDOWS\System32\RPCRT4.dll
0x00007ffd82110000 - 0x00007ffd82119000 	C:\WINDOWS\SYSTEM32\WSOCK32.dll
0x00007ffd9b490000 - 0x00007ffd9b4c4000 	C:\WINDOWS\SYSTEM32\WINMM.dll
0x00007ffda2cb0000 - 0x00007ffda2d21000 	C:\WINDOWS\System32\WS2_32.dll
0x00007ffd9a250000 - 0x00007ffd9a25a000 	C:\WINDOWS\SYSTEM32\VERSION.dll
0x00007ffda1070000 - 0x00007ffda1088000 	C:\WINDOWS\SYSTEM32\kernel.appcore.dll
0x00007ffd9e910000 - 0x00007ffd9e91a000 	C:\Program Files\JetBrains\IntelliJ IDEA 2023.1.2\jbr\bin\jimage.dll
0x00007ffd87c80000 - 0x00007ffd87eae000 	C:\WINDOWS\SYSTEM32\DBGHELP.DLL
0x00007ffda4430000 - 0x00007ffda47b9000 	C:\WINDOWS\System32\combase.dll
0x00007ffda4200000 - 0x00007ffda42d7000 	C:\WINDOWS\System32\OLEAUT32.dll
0x00007ffd81190000 - 0x00007ffd811c2000 	C:\WINDOWS\SYSTEM32\dbgcore.DLL
0x00007ffda2410000 - 0x00007ffda248b000 	C:\WINDOWS\System32\bcryptPrimitives.dll
0x00007ffd8ae20000 - 0x00007ffd8ae2e000 	C:\Program Files\JetBrains\IntelliJ IDEA 2023.1.2\jbr\bin\instrument.dll
0x00007ffd8c010000 - 0x00007ffd8c035000 	C:\Program Files\JetBrains\IntelliJ IDEA 2023.1.2\jbr\bin\java.dll
0x00007ffd8c3b0000 - 0x00007ffd8c3c8000 	C:\Program Files\JetBrains\IntelliJ IDEA 2023.1.2\jbr\bin\zip.dll
0x00007ffda3840000 - 0x00007ffda403a000 	C:\WINDOWS\System32\SHELL32.dll
0x00007ffd9ff40000 - 0x00007ffda080e000 	C:\WINDOWS\SYSTEM32\windows.storage.dll
0x00007ffd9fe00000 - 0x00007ffd9ff3e000 	C:\WINDOWS\SYSTEM32\wintypes.dll
0x00007ffda2920000 - 0x00007ffda2a11000 	C:\WINDOWS\System32\SHCORE.dll
0x00007ffda2b40000 - 0x00007ffda2b9e000 	C:\WINDOWS\System32\shlwapi.dll
0x00007ffda1e60000 - 0x00007ffda1e81000 	C:\WINDOWS\SYSTEM32\profapi.dll
0x00007ffd8c1a0000 - 0x00007ffd8c1b9000 	C:\Program Files\JetBrains\IntelliJ IDEA 2023.1.2\jbr\bin\net.dll
0x00007ffd9cd00000 - 0x00007ffd9ce37000 	C:\WINDOWS\SYSTEM32\WINHTTP.dll
0x00007ffda14e0000 - 0x00007ffda1549000 	C:\WINDOWS\system32\mswsock.dll
0x00007ffd8bca0000 - 0x00007ffd8bcb6000 	C:\Program Files\JetBrains\IntelliJ IDEA 2023.1.2\jbr\bin\nio.dll
0x00007ffd9e920000 - 0x00007ffd9e93a000 	C:\Program Files\JetBrains\IntelliJ IDEA 2023.1.2\bin\breakgen64.dll
0x00007ffda0b50000 - 0x00007ffda0c43000 	C:\WINDOWS\SYSTEM32\DNSAPI.dll
0x00007ffda0ae0000 - 0x00007ffda0b0d000 	C:\WINDOWS\SYSTEM32\IPHLPAPI.DLL
0x00007ffda2b10000 - 0x00007ffda2b19000 	C:\WINDOWS\System32\NSI.dll
0x00007ffd9a360000 - 0x00007ffd9a36a000 	C:\Windows\System32\rasadhlp.dll
0x00007ffd9bc60000 - 0x00007ffd9bce4000 	C:\WINDOWS\System32\fwpuclnt.dll
0x00007ffd8bc80000 - 0x00007ffd8bc89000 	C:\Program Files\JetBrains\IntelliJ IDEA 2023.1.2\jbr\bin\management.dll
0x00007ffd8b000000 - 0x00007ffd8b00b000 	C:\Program Files\JetBrains\IntelliJ IDEA 2023.1.2\jbr\bin\management_ext.dll
0x00007ffda2910000 - 0x00007ffda2918000 	C:\WINDOWS\System32\PSAPI.DLL
0x00007ffda1740000 - 0x00007ffda175b000 	C:\WINDOWS\SYSTEM32\CRYPTSP.dll
0x00007ffda0fe0000 - 0x00007ffda1015000 	C:\WINDOWS\system32\rsaenh.dll
0x00007ffda15e0000 - 0x00007ffda1608000 	C:\WINDOWS\SYSTEM32\USERENV.dll
0x00007ffda18e0000 - 0x00007ffda1908000 	C:\WINDOWS\SYSTEM32\bcrypt.dll
0x00007ffda1760000 - 0x00007ffda176c000 	C:\WINDOWS\SYSTEM32\CRYPTBASE.dll
0x00007ffd9dbf0000 - 0x00007ffd9dc09000 	C:\WINDOWS\SYSTEM32\dhcpcsvc6.DLL
0x00007ffd9c200000 - 0x00007ffd9c21f000 	C:\WINDOWS\SYSTEM32\dhcpcsvc.DLL
0x00007ffd77bd0000 - 0x00007ffd77be7000 	C:\WINDOWS\system32\napinsp.dll
0x00007ffd77000000 - 0x00007ffd7701b000 	C:\WINDOWS\system32\pnrpnsp.dll
0x00007ffd76fe0000 - 0x00007ffd76ff1000 	C:\WINDOWS\System32\winrnr.dll
0x00007ffd76fc0000 - 0x00007ffd76fd5000 	C:\WINDOWS\system32\wshbth.dll
0x00007ffd76f60000 - 0x00007ffd76f81000 	C:\WINDOWS\system32\nlansp_c.dll

dbghelp: loaded successfully - version: 4.0.5 - missing functions: none
symbol engine: initialized successfully - sym options: 0x614 - pdb path: .;C:\Program Files\JetBrains\IntelliJ IDEA 2023.1.2\jbr\bin;C:\WINDOWS\SYSTEM32;C:\WINDOWS\WinSxS\amd64_microsoft.windows.common-controls_6595b64144ccf1df_6.0.22621.1635_none_270f70857386168e;C:\Program Files\JetBrains\IntelliJ IDEA 2023.1.2\jbr\bin\server;C:\Program Files\JetBrains\IntelliJ IDEA 2023.1.2\bin

VM Arguments:
jvm_args: -XX:TieredStopAtLevel=1 -Dspring.output.ansi.enabled=always -Dcom.sun.management.jmxremote -Dspring.jmx.enabled=true -Dspring.liveBeansView.mbeanDomain -Dspring.application.admin.enabled=true -Dmanagement.endpoints.jmx.exposure.include=* -javaagent:C:\Program Files\JetBrains\IntelliJ IDEA 2023.1.2\lib\idea_rt.jar=64651:C:\Program Files\JetBrains\IntelliJ IDEA 2023.1.2\bin -Dfile.encoding=UTF-8 
java_command: com.project.webApp.WebAppApplication
java_class_path (initial): C:\Users\timak\IdeaProjects\webApp\target\classes;C:\Users\timak\.m2\repository\org\springframework\boot\spring-boot-starter-thymeleaf\3.1.1\spring-boot-starter-thymeleaf-3.1.1.jar;C:\Users\timak\.m2\repository\org\springframework\boot\spring-boot-starter\3.1.1\spring-boot-starter-3.1.1.jar;C:\Users\timak\.m2\repository\org\springframework\boot\spring-boot-starter-logging\3.1.1\spring-boot-starter-logging-3.1.1.jar;C:\Users\timak\.m2\repository\ch\qos\logback\logback-classic\1.4.8\logback-classic-1.4.8.jar;C:\Users\timak\.m2\repository\ch\qos\logback\logback-core\1.4.8\logback-core-1.4.8.jar;C:\Users\timak\.m2\repository\org\apache\logging\log4j\log4j-to-slf4j\2.20.0\log4j-to-slf4j-2.20.0.jar;C:\Users\timak\.m2\repository\org\apache\logging\log4j\log4j-api\2.20.0\log4j-api-2.20.0.jar;C:\Users\timak\.m2\repository\org\slf4j\jul-to-slf4j\2.0.7\jul-to-slf4j-2.0.7.jar;C:\Users\timak\.m2\repository\jakarta\annotation\jakarta.annotation-api\2.1.1\jakarta.annotation-api-2.1.1.jar;C:\Users\timak\.m2\repository\org\yaml\snakeyaml\1.33\snakeyaml-1.33.jar;C:\Users\timak\.m2\repository\org\thymeleaf\thymeleaf-spring6\3.1.1.RELEASE\thymeleaf-spring6-3.1.1.RELEASE.jar;C:\Users\timak\.m2\repository\org\thymeleaf\thymeleaf\3.1.1.RELEASE\thymeleaf-3.1.1.RELEASE.jar;C:\Users\timak\.m2\repository\org\attoparser\attoparser\2.0.6.RELEASE\attoparser-2.0.6.RELEASE.jar;C:\Users\timak\.m2\repository\org\unbescape\unbescape\1.1.6.RELEASE\unbescape-1.1.6.RELEASE.jar;C:\Users\timak\.m2\repository\org\slf4j\slf4j-api\2.0.7\slf4j-api-2.0.7.jar;C:\Users\timak\.m2\repository\org\springframework\boot\spring-boot-starter-web\3.1.1\spring-boot-starter-web-3.1.1.jar;C:\Users\timak\.m2\repository\org\springframework\boot\spring-boot-starter-json\3.1.1\spring-boot-starter-json-3.1.1.jar;C:\Users\timak\.m2\repository\com\fasterxml\jackson\core\jackson-databind\2.15.2\jackson-databind-2.15.2.jar;C:\Users\timak\.m2\repository\com\fasterxml\jackson\core\jackson-annotations\2.15.
Launcher Type: SUN_STANDARD

[Global flags]
     intx CICompilerCount                          = 4                                         {product} {ergonomic}
     uint ConcGCThreads                            = 2                                         {product} {ergonomic}
     uint G1ConcRefinementThreads                  = 8                                         {product} {ergonomic}
   size_t G1HeapRegionSize                         = 2097152                                   {product} {ergonomic}
    uintx GCDrainStackTargetSize                   = 64                                        {product} {ergonomic}
   size_t InitialHeapSize                          = 266338304                                 {product} {ergonomic}
     bool ManagementServer                         = true                                      {product} {command line}
   size_t MarkStackSize                            = 4194304                                   {product} {ergonomic}
   size_t MaxHeapSize                              = 4253024256                                {product} {ergonomic}
   size_t MaxNewSize                               = 2550136832                                {product} {ergonomic}
   size_t MinHeapDeltaBytes                        = 2097152                                   {product} {ergonomic}
   size_t MinHeapSize                              = 8388608                                   {product} {ergonomic}
    uintx NonProfiledCodeHeapSize                  = 0                                      {pd product} {ergonomic}
     bool ProfileInterpreter                       = false                                  {pd product} {command line}
    uintx ProfiledCodeHeapSize                     = 0                                      {pd product} {ergonomic}
   size_t SoftMaxHeapSize                          = 4253024256                             {manageable} {ergonomic}
     intx TieredStopAtLevel                        = 1                                         {product} {command line}
     bool UseCompressedClassPointers               = true                           {product lp64_product} {ergonomic}
     bool UseCompressedOops                        = true                           {product lp64_product} {ergonomic}
     bool UseG1GC                                  = true                                      {product} {ergonomic}
     bool UseLargePagesIndividualAllocation        = false                                  {pd product} {ergonomic}

Logging:
Log output configuration:
 #0: stdout all=warning uptime,level,tags
 #1: stderr all=off uptime,level,tags

Environment Variables:
PATH=C:\Program Files\Common Files\Oracle\Java\javapath;C:\Program Files (x86)\Common Files\Oracle\Java\javapath;C:\ProgramData\Oracle\Java\javapath;C:\Windows\system32;C:\Windows;C:\Windows\System32\Wbem;C:\Windows\System32\WindowsPowerShell\v1.0\;C:\Windows\System32\OpenSSH\;C:\Program Files (x86)\NVIDIA Corporation\PhysX\Common;C:\Program Files\NVIDIA Corporation\NVIDIA NvDLISR;C:\WINDOWS\system32;C:\WINDOWS;C:\WINDOWS\System32\Wbem;C:\WINDOWS\System32\WindowsPowerShell\v1.0\;C:\WINDOWS\System32\OpenSSH\;C:\Program Files\dotnet\;C:\Program Files\Microsoft SQL Server\130\Tools\Binn\;C:\Program Files (x86)\dotnet\;C:\Program Files\Microsoft SQL Server\150\Tools\Binn\;C:\Program Files\apache-maven-3.9.2\bin;C:\Program Files\Git\cmd;C:\Program Files\MySQL\MySQL Shell 8.0\bin\;C:\Users\timak\AppData\Local\Programs\Python\Python311\Scripts\;C:\Users\timak\AppData\Local\Programs\Python\Python311\;C:\Users\timak\AppData\Local\Microsoft\WindowsApps;C:\Users\timak\.dotnet\tools;
USERNAME=timak
OS=Windows_NT
PROCESSOR_IDENTIFIER=Intel64 Family 6 Model 158 Stepping 10, GenuineIntel
TMP=C:\Users\timak\AppData\Local\Temp
TEMP=C:\Users\timak\AppData\Local\Temp


JNI global refs:
JNI global refs: 18, weak refs: 0

JNI global refs memory usage: 843, weak refs: 841


---------------  S Y S T E M  ---------------

OS:
 Windows 11 , 64 bit Build 22621 (10.0.22621.1778)
OS uptime: 1 days 0:22 hours

CPU: total 8 (initial active 8) (4 cores per cpu, 2 threads per core) family 6 model 158 stepping 10 microcode 0xde, cx8, cmov, fxsr, ht, mmx, 3dnowpref, sse, sse2, sse3, ssse3, sse4.1, sse4.2, popcnt, lzcnt, tsc, tscinvbit, avx, avx2, aes, erms, clmul, bmi1, bmi2, adx, fma, vzeroupper, clflush, clflushopt

Memory: 4k page, system-wide physical 16221M (2867M free)
TotalPageFile size 31122M (AvailPageFile size 0M)
current process WorkingSet (physical memory assigned to process): 85M, peak: 85M
current process commit charge ("private bytes"): 353M, peak: 353M

vm_info: OpenJDK 64-Bit Server VM (17.0.6+10-b829.9) for windows-amd64 JRE (17.0.6+10-b829.9), built on 2023-04-09 by "builduser" with MS VC++ 16.10 / 16.11 (VS2019)

END.
